This is TeXk, Version 3.14159265 (TeX Live 2015/Debian) (preloaded format=tex 2016.12.5)  5 DEC 2016 20:58
 restricted \write18 enabled.
 %&-line parsing enabled.
**&tex

*
! Interruption.
<*> 
    
? 
(Please type a command or say `\end')
*\emd
! Undefined control sequence.
<*> \emd
        
? \end
Type <return> to proceed, S to scroll future error messages,
R to run without stopping, Q to run quietly,
I to insert something, 
1 or ... or 9 to ignore the next 1 to 9 tokens of input,
H for help, X to quit.
? ^^X
Type <return> to proceed, S to scroll future error messages,
R to run without stopping, Q to run quietly,
I to insert something, 
1 or ... or 9 to ignore the next 1 to 9 tokens of input,
H for help, X to quit.
? X
No pages of output.
